{"name": "Тест удаления клиента с длиной имени, близкой к средней", "status": "broken", "statusDetails": {"message": "selenium.common.exceptions.NoSuchWindowException: Message: no such window: target window already closed\nfrom unknown error: web view not found\n  (Session info: chrome=142.0.7444.135)\nStacktrace:\nSymbols not available. Dumping unresolved backtrace:\n\t0x7ff67dc77a05\n\t0x7ff67dc77a60\n\t0x7ff67d9f16ad\n\t0x7ff67d9c8e01\n\t0x7ff67da7a0be\n\t0x7ff67da9b222\n\t0x7ff67da3b068\n\t0x7ff67da3be93\n\t0x7ff67df329a0\n\t0x7ff67df2ce20\n\t0x7ff67df4cc15\n\t0x7ff67dc9309e\n\t0x7ff67dc9ad8f\n\t0x7ff67dc80be4\n\t0x7ff67dc80d9f\n\t0x7ff67dc667f8\n\t0x7fffa1fd7374\n\t0x7fffa273cc91", "trace": "all_tests\\ui\\test_delete_customer.py:17: in test_delete_customer_closest_to_average_name_length\n    manager_page, customers_page = setup_delete_test()\nall_tests\\conftest.py:145: in _setup\n    manager_page.add_customer(first_name, last_name, post_code)\npages\\manager_page.py:29: in add_customer\n    self.click_add_customer()\npages\\manager_page.py:22: in click_add_customer\n    self.click(self.ADD_CUSTOMER_BTN)\npages\\base_page.py:67: in click\n    self.wait.until(EC.element_to_be_clickable(locator)).click()\n.venv\\lib\\site-packages\\selenium\\webdriver\\support\\wait.py:92: in until\n    value = method(self._driver)\n.venv\\lib\\site-packages\\selenium\\webdriver\\support\\expected_conditions.py:355: in _predicate\n    target = driver.find_element(*target)  # grab element at locator\n.venv\\lib\\site-packages\\selenium\\webdriver\\remote\\webdriver.py:740: in find_element\n    return self.execute(Command.FIND_ELEMENT, {\"using\": by, \"value\": value})[\"value\"]\n.venv\\lib\\site-packages\\selenium\\webdriver\\remote\\webdriver.py:346: in execute\n    self.error_handler.check_response(response)\n.venv\\lib\\site-packages\\selenium\\webdriver\\remote\\errorhandler.py:229: in check_response\n    raise exception_class(message, screen, stacktrace)\nE   selenium.common.exceptions.NoSuchWindowException: Message: no such window: target window already closed\nE   from unknown error: web view not found\nE     (Session info: chrome=142.0.7444.135)\nE   Stacktrace:\nE   Symbols not available. Dumping unresolved backtrace:\nE   \t0x7ff67dc77a05\nE   \t0x7ff67dc77a60\nE   \t0x7ff67d9f16ad\nE   \t0x7ff67d9c8e01\nE   \t0x7ff67da7a0be\nE   \t0x7ff67da9b222\nE   \t0x7ff67da3b068\nE   \t0x7ff67da3be93\nE   \t0x7ff67df329a0\nE   \t0x7ff67df2ce20\nE   \t0x7ff67df4cc15\nE   \t0x7ff67dc9309e\nE   \t0x7ff67dc9ad8f\nE   \t0x7ff67dc80be4\nE   \t0x7ff67dc80d9f\nE   \t0x7ff67dc667f8\nE   \t0x7fffa1fd7374\nE   \t0x7fffa273cc91"}, "steps": [{"name": "Создание тестовых клиентов с разной длиной имен", "status": "broken", "statusDetails": {"message": "selenium.common.exceptions.NoSuchWindowException: Message: no such window: target window already closed\nfrom unknown error: web view not found\n  (Session info: chrome=142.0.7444.135)\nStacktrace:\nSymbols not available. Dumping unresolved backtrace:\n\t0x7ff67dc77a05\n\t0x7ff67dc77a60\n\t0x7ff67d9f16ad\n\t0x7ff67d9c8e01\n\t0x7ff67da7a0be\n\t0x7ff67da9b222\n\t0x7ff67da3b068\n\t0x7ff67da3be93\n\t0x7ff67df329a0\n\t0x7ff67df2ce20\n\t0x7ff67df4cc15\n\t0x7ff67dc9309e\n\t0x7ff67dc9ad8f\n\t0x7ff67dc80be4\n\t0x7ff67dc80d9f\n\t0x7ff67dc667f8\n\t0x7fffa1fd7374\n\t0x7fffa273cc91\n\n", "trace": "  File \"C:\\Users\\user\\banking-ui-tests\\all_tests\\conftest.py\", line 145, in _setup\n    manager_page.add_customer(first_name, last_name, post_code)\n  File \"C:\\Users\\user\\banking-ui-tests\\pages\\manager_page.py\", line 29, in add_customer\n    self.click_add_customer()\n  File \"C:\\Users\\user\\banking-ui-tests\\pages\\manager_page.py\", line 22, in click_add_customer\n    self.click(self.ADD_CUSTOMER_BTN)\n  File \"C:\\Users\\user\\banking-ui-tests\\pages\\base_page.py\", line 67, in click\n    self.wait.until(EC.element_to_be_clickable(locator)).click()\n  File \"C:\\Users\\user\\banking-ui-tests\\.venv\\lib\\site-packages\\selenium\\webdriver\\support\\wait.py\", line 92, in until\n    value = method(self._driver)\n  File \"C:\\Users\\user\\banking-ui-tests\\.venv\\lib\\site-packages\\selenium\\webdriver\\support\\expected_conditions.py\", line 355, in _predicate\n    target = driver.find_element(*target)  # grab element at locator\n  File \"C:\\Users\\user\\banking-ui-tests\\.venv\\lib\\site-packages\\selenium\\webdriver\\remote\\webdriver.py\", line 740, in find_element\n    return self.execute(Command.FIND_ELEMENT, {\"using\": by, \"value\": value})[\"value\"]\n  File \"C:\\Users\\user\\banking-ui-tests\\.venv\\lib\\site-packages\\selenium\\webdriver\\remote\\webdriver.py\", line 346, in execute\n    self.error_handler.check_response(response)\n  File \"C:\\Users\\user\\banking-ui-tests\\.venv\\lib\\site-packages\\selenium\\webdriver\\remote\\errorhandler.py\", line 229, in check_response\n    raise exception_class(message, screen, stacktrace)\n"}, "start": 1762645072650, "stop": 1762645072651}], "attachments": [{"name": "log", "source": "97722eca-b9c4-417a-801b-0d701df24420-attachment.txt", "type": "text/plain"}], "start": 1762645072650, "stop": 1762645072652, "uuid": "4c86a356-f6e1-47ce-bef2-0c72def44998", "historyId": "07248f3a753ca12d03a3388f477acb7d", "testCaseId": "07248f3a753ca12d03a3388f477acb7d", "fullName": "all_tests.ui.test_delete_customer.TestDeleteCustomer#test_delete_customer_closest_to_average_name_length", "labels": [{"name": "feature", "value": "Удаление клиента"}, {"name": "story", "value": "Удаление клиента с длиной имени, близкой к средней"}, {"name": "tag", "value": "regression"}, {"name": "tag", "value": "ui"}, {"name": "parentSuite", "value": "all_tests.ui"}, {"name": "suite", "value": "test_delete_customer"}, {"name": "subSuite", "value": "TestDeleteCustomer"}, {"name": "host", "value": "DESKTOP-7R0HN21"}, {"name": "thread", "value": "15604-MainThread"}, {"name": "framework", "value": "pytest"}, {"name": "language", "value": "cpython3"}, {"name": "package", "value": "all_tests.ui.test_delete_customer"}], "links": [{"type": "tms", "url": "TC-003", "name": "TC-003"}]}