{"name": "Тест сортировки клиентов по имени в алфавитном порядке", "status": "broken", "statusDetails": {"message": "selenium.common.exceptions.NoSuchWindowException: Message: no such window: target window already closed\nfrom unknown error: web view not found\n  (Session info: chrome=142.0.7444.135)\nStacktrace:\nSymbols not available. Dumping unresolved backtrace:\n\t0x7ff67dc77a05\n\t0x7ff67dc77a60\n\t0x7ff67d9f16ad\n\t0x7ff67d9c8e01\n\t0x7ff67da7a0be\n\t0x7ff67da9b222\n\t0x7ff67da3b068\n\t0x7ff67da3be93\n\t0x7ff67df329a0\n\t0x7ff67df2ce20\n\t0x7ff67df4cc15\n\t0x7ff67dc9309e\n\t0x7ff67dc9ad8f\n\t0x7ff67dc80be4\n\t0x7ff67dc80d9f\n\t0x7ff67dc667f8\n\t0x7fffa1fd7374\n\t0x7fffa273cc91", "trace": "all_tests\\ui\\test_customer_sorting.py:17: in test_sort_customers_by_first_name\n    manager_page, customers_page = setup_sorting_test()\nall_tests\\conftest.py:132: in _setup\n    manager_page.add_customer(first_name, last_name, post_code)\npages\\manager_page.py:29: in add_customer\n    self.click_add_customer()\npages\\manager_page.py:22: in click_add_customer\n    self.click(self.ADD_CUSTOMER_BTN)\npages\\base_page.py:67: in click\n    self.wait.until(EC.element_to_be_clickable(locator)).click()\n.venv\\lib\\site-packages\\selenium\\webdriver\\support\\wait.py:92: in until\n    value = method(self._driver)\n.venv\\lib\\site-packages\\selenium\\webdriver\\support\\expected_conditions.py:355: in _predicate\n    target = driver.find_element(*target)  # grab element at locator\n.venv\\lib\\site-packages\\selenium\\webdriver\\remote\\webdriver.py:740: in find_element\n    return self.execute(Command.FIND_ELEMENT, {\"using\": by, \"value\": value})[\"value\"]\n.venv\\lib\\site-packages\\selenium\\webdriver\\remote\\webdriver.py:346: in execute\n    self.error_handler.check_response(response)\n.venv\\lib\\site-packages\\selenium\\webdriver\\remote\\errorhandler.py:229: in check_response\n    raise exception_class(message, screen, stacktrace)\nE   selenium.common.exceptions.NoSuchWindowException: Message: no such window: target window already closed\nE   from unknown error: web view not found\nE     (Session info: chrome=142.0.7444.135)\nE   Stacktrace:\nE   Symbols not available. Dumping unresolved backtrace:\nE   \t0x7ff67dc77a05\nE   \t0x7ff67dc77a60\nE   \t0x7ff67d9f16ad\nE   \t0x7ff67d9c8e01\nE   \t0x7ff67da7a0be\nE   \t0x7ff67da9b222\nE   \t0x7ff67da3b068\nE   \t0x7ff67da3be93\nE   \t0x7ff67df329a0\nE   \t0x7ff67df2ce20\nE   \t0x7ff67df4cc15\nE   \t0x7ff67dc9309e\nE   \t0x7ff67dc9ad8f\nE   \t0x7ff67dc80be4\nE   \t0x7ff67dc80d9f\nE   \t0x7ff67dc667f8\nE   \t0x7fffa1fd7374\nE   \t0x7fffa273cc91"}, "steps": [{"name": "Создание тестовых клиентов для сортировки", "status": "broken", "statusDetails": {"message": "selenium.common.exceptions.NoSuchWindowException: Message: no such window: target window already closed\nfrom unknown error: web view not found\n  (Session info: chrome=142.0.7444.135)\nStacktrace:\nSymbols not available. Dumping unresolved backtrace:\n\t0x7ff67dc77a05\n\t0x7ff67dc77a60\n\t0x7ff67d9f16ad\n\t0x7ff67d9c8e01\n\t0x7ff67da7a0be\n\t0x7ff67da9b222\n\t0x7ff67da3b068\n\t0x7ff67da3be93\n\t0x7ff67df329a0\n\t0x7ff67df2ce20\n\t0x7ff67df4cc15\n\t0x7ff67dc9309e\n\t0x7ff67dc9ad8f\n\t0x7ff67dc80be4\n\t0x7ff67dc80d9f\n\t0x7ff67dc667f8\n\t0x7fffa1fd7374\n\t0x7fffa273cc91\n\n", "trace": "  File \"C:\\Users\\user\\banking-ui-tests\\all_tests\\conftest.py\", line 132, in _setup\n    manager_page.add_customer(first_name, last_name, post_code)\n  File \"C:\\Users\\user\\banking-ui-tests\\pages\\manager_page.py\", line 29, in add_customer\n    self.click_add_customer()\n  File \"C:\\Users\\user\\banking-ui-tests\\pages\\manager_page.py\", line 22, in click_add_customer\n    self.click(self.ADD_CUSTOMER_BTN)\n  File \"C:\\Users\\user\\banking-ui-tests\\pages\\base_page.py\", line 67, in click\n    self.wait.until(EC.element_to_be_clickable(locator)).click()\n  File \"C:\\Users\\user\\banking-ui-tests\\.venv\\lib\\site-packages\\selenium\\webdriver\\support\\wait.py\", line 92, in until\n    value = method(self._driver)\n  File \"C:\\Users\\user\\banking-ui-tests\\.venv\\lib\\site-packages\\selenium\\webdriver\\support\\expected_conditions.py\", line 355, in _predicate\n    target = driver.find_element(*target)  # grab element at locator\n  File \"C:\\Users\\user\\banking-ui-tests\\.venv\\lib\\site-packages\\selenium\\webdriver\\remote\\webdriver.py\", line 740, in find_element\n    return self.execute(Command.FIND_ELEMENT, {\"using\": by, \"value\": value})[\"value\"]\n  File \"C:\\Users\\user\\banking-ui-tests\\.venv\\lib\\site-packages\\selenium\\webdriver\\remote\\webdriver.py\", line 346, in execute\n    self.error_handler.check_response(response)\n  File \"C:\\Users\\user\\banking-ui-tests\\.venv\\lib\\site-packages\\selenium\\webdriver\\remote\\errorhandler.py\", line 229, in check_response\n    raise exception_class(message, screen, stacktrace)\n"}, "start": 1762644639875, "stop": 1762644639876}], "attachments": [{"name": "log", "source": "f94f8782-0a6b-4e88-8420-d4ec49d7d3d4-attachment.txt", "type": "text/plain"}], "start": 1762644639874, "stop": 1762644639918, "uuid": "083cb439-c8ef-40b7-89d0-1b638f49fdf2", "historyId": "1c59d6179ad774ab7cf3c9f8834443cc", "testCaseId": "1c59d6179ad774ab7cf3c9f8834443cc", "fullName": "all_tests.ui.test_customer_sorting.TestCustomerSorting#test_sort_customers_by_first_name", "labels": [{"name": "feature", "value": "Сортировка клиентов"}, {"name": "story", "value": "Проверка сортировки клиентов по имени"}, {"name": "tag", "value": "regression"}, {"name": "tag", "value": "ui"}, {"name": "parentSuite", "value": "all_tests.ui"}, {"name": "suite", "value": "test_customer_sorting"}, {"name": "subSuite", "value": "TestCustomerSorting"}, {"name": "host", "value": "DESKTOP-7R0HN21"}, {"name": "thread", "value": "18496-MainThread"}, {"name": "framework", "value": "pytest"}, {"name": "language", "value": "cpython3"}, {"name": "package", "value": "all_tests.ui.test_customer_sorting"}], "links": [{"type": "tms", "url": "TC-002", "name": "TC-002"}]}