{"name": "Тест создания клиента с валидными данными", "status": "broken", "statusDetails": {"message": "selenium.common.exceptions.TimeoutException: Message: \nStacktrace:\nSymbols not available. Dumping unresolved backtrace:\n\t0x7ff6029a7a05\n\t0x7ff6029a7a60\n\t0x7ff6027216ad\n\t0x7ff60277a13e\n\t0x7ff60277a44c\n\t0x7ff6027cebe7\n\t0x7ff6027cb8fb\n\t0x7ff60276b068\n\t0x7ff60276be93\n\t0x7ff602c629a0\n\t0x7ff602c5ce20\n\t0x7ff602c7cc15\n\t0x7ff6029c309e\n\t0x7ff6029cad8f\n\t0x7ff6029b0be4\n\t0x7ff6029b0d9f\n\t0x7ff6029967f8\n\t0x7fffa1fd7374\n\t0x7fffa273cc91", "trace": "all_tests\\ui\\test_add_customer.py:23: in test_add_customer_with_valid_data\n    alert_text = manager_page.add_customer(first_name, last_name, post_code)\npages\\manager_page.py:29: in add_customer\n    self.click_add_customer()\npages\\manager_page.py:22: in click_add_customer\n    self.click(self.ADD_CUSTOMER_BTN)\npages\\base_page.py:67: in click\n    self.wait.until(EC.element_to_be_clickable(locator)).click()\n.venv\\lib\\site-packages\\selenium\\webdriver\\support\\wait.py:101: in until\n    raise TimeoutException(message, screen, stacktrace)\nE   selenium.common.exceptions.TimeoutException: Message: \nE   Stacktrace:\nE   Symbols not available. Dumping unresolved backtrace:\nE   \t0x7ff6029a7a05\nE   \t0x7ff6029a7a60\nE   \t0x7ff6027216ad\nE   \t0x7ff60277a13e\nE   \t0x7ff60277a44c\nE   \t0x7ff6027cebe7\nE   \t0x7ff6027cb8fb\nE   \t0x7ff60276b068\nE   \t0x7ff60276be93\nE   \t0x7ff602c629a0\nE   \t0x7ff602c5ce20\nE   \t0x7ff602c7cc15\nE   \t0x7ff6029c309e\nE   \t0x7ff6029cad8f\nE   \t0x7ff6029b0be4\nE   \t0x7ff6029b0d9f\nE   \t0x7ff6029967f8\nE   \t0x7fffa1fd7374\nE   \t0x7fffa273cc91"}, "steps": [{"name": "Генерация тестовых данных", "status": "passed", "start": 1762604966737, "stop": 1762604966737}, {"name": "Создание клиента через UI", "status": "broken", "statusDetails": {"message": "selenium.common.exceptions.TimeoutException: Message: \nStacktrace:\nSymbols not available. Dumping unresolved backtrace:\n\t0x7ff6029a7a05\n\t0x7ff6029a7a60\n\t0x7ff6027216ad\n\t0x7ff60277a13e\n\t0x7ff60277a44c\n\t0x7ff6027cebe7\n\t0x7ff6027cb8fb\n\t0x7ff60276b068\n\t0x7ff60276be93\n\t0x7ff602c629a0\n\t0x7ff602c5ce20\n\t0x7ff602c7cc15\n\t0x7ff6029c309e\n\t0x7ff6029cad8f\n\t0x7ff6029b0be4\n\t0x7ff6029b0d9f\n\t0x7ff6029967f8\n\t0x7fffa1fd7374\n\t0x7fffa273cc91\n\n", "trace": "  File \"C:\\Users\\user\\banking-ui-tests\\all_tests\\ui\\test_add_customer.py\", line 23, in test_add_customer_with_valid_data\n    alert_text = manager_page.add_customer(first_name, last_name, post_code)\n  File \"C:\\Users\\user\\banking-ui-tests\\pages\\manager_page.py\", line 29, in add_customer\n    self.click_add_customer()\n  File \"C:\\Users\\user\\banking-ui-tests\\pages\\manager_page.py\", line 22, in click_add_customer\n    self.click(self.ADD_CUSTOMER_BTN)\n  File \"C:\\Users\\user\\banking-ui-tests\\pages\\base_page.py\", line 67, in click\n    self.wait.until(EC.element_to_be_clickable(locator)).click()\n  File \"C:\\Users\\user\\banking-ui-tests\\.venv\\lib\\site-packages\\selenium\\webdriver\\support\\wait.py\", line 101, in until\n    raise TimeoutException(message, screen, stacktrace)\n"}, "start": 1762604966737, "stop": 1762604977016}], "attachments": [{"name": "screenshot_on_failure", "source": "e51533d0-99df-43ac-8c08-4e6b0e7bdb5a-attachment.png", "type": "image/png"}, {"name": "log", "source": "67e51b04-1405-4b5f-9f79-99790df2ac79-attachment.txt", "type": "text/plain"}], "start": 1762604966737, "stop": 1762604977017, "uuid": "c74bfa80-efc2-4917-81bc-467b3b496fe4", "historyId": "9934c8ea630aa726c59de6e6ed11d417", "testCaseId": "9934c8ea630aa726c59de6e6ed11d417", "fullName": "all_tests.ui.test_add_customer.TestAddCustomer#test_add_customer_with_valid_data", "labels": [{"name": "story", "value": "Создание нового клиента в системе"}, {"name": "feature", "value": "Добавление клиента"}, {"name": "tag", "value": "smoke"}, {"name": "tag", "value": "ui"}, {"name": "parentSuite", "value": "all_tests.ui"}, {"name": "suite", "value": "test_add_customer"}, {"name": "subSuite", "value": "TestAddCustomer"}, {"name": "host", "value": "DESKTOP-7R0HN21"}, {"name": "thread", "value": "11804-MainThread"}, {"name": "framework", "value": "pytest"}, {"name": "language", "value": "cpython3"}, {"name": "package", "value": "all_tests.ui.test_add_customer"}], "links": [{"type": "tms", "url": "TC-001", "name": "TC-001"}]}