{"name": "Тест удаления клиента с длиной имени, близкой к средней", "status": "broken", "statusDetails": {"message": "selenium.common.exceptions.TimeoutException: Message: \nStacktrace:\nSymbols not available. Dumping unresolved backtrace:\n\t0x7ff6029a7a05\n\t0x7ff6029a7a60\n\t0x7ff6027216ad\n\t0x7ff60277a13e\n\t0x7ff60277a44c\n\t0x7ff6027cebe7\n\t0x7ff6027cb8fb\n\t0x7ff60276b068\n\t0x7ff60276be93\n\t0x7ff602c629a0\n\t0x7ff602c5ce20\n\t0x7ff602c7cc15\n\t0x7ff6029c309e\n\t0x7ff6029cad8f\n\t0x7ff6029b0be4\n\t0x7ff6029b0d9f\n\t0x7ff6029967f8\n\t0x7fffa1fd7374\n\t0x7fffa273cc91", "trace": "all_tests\\ui\\test_delete_customer.py:17: in test_delete_customer_closest_to_average_name_length\n    manager_page, customers_page = setup_delete_test()\nall_tests\\conftest.py:145: in _setup\n    manager_page.add_customer(first_name, last_name, post_code)\npages\\manager_page.py:29: in add_customer\n    self.click_add_customer()\npages\\manager_page.py:22: in click_add_customer\n    self.click(self.ADD_CUSTOMER_BTN)\npages\\base_page.py:67: in click\n    self.wait.until(EC.element_to_be_clickable(locator)).click()\n.venv\\lib\\site-packages\\selenium\\webdriver\\support\\wait.py:101: in until\n    raise TimeoutException(message, screen, stacktrace)\nE   selenium.common.exceptions.TimeoutException: Message: \nE   Stacktrace:\nE   Symbols not available. Dumping unresolved backtrace:\nE   \t0x7ff6029a7a05\nE   \t0x7ff6029a7a60\nE   \t0x7ff6027216ad\nE   \t0x7ff60277a13e\nE   \t0x7ff60277a44c\nE   \t0x7ff6027cebe7\nE   \t0x7ff6027cb8fb\nE   \t0x7ff60276b068\nE   \t0x7ff60276be93\nE   \t0x7ff602c629a0\nE   \t0x7ff602c5ce20\nE   \t0x7ff602c7cc15\nE   \t0x7ff6029c309e\nE   \t0x7ff6029cad8f\nE   \t0x7ff6029b0be4\nE   \t0x7ff6029b0d9f\nE   \t0x7ff6029967f8\nE   \t0x7fffa1fd7374\nE   \t0x7fffa273cc91"}, "steps": [{"name": "Создание тестовых клиентов с разной длиной имен", "status": "broken", "statusDetails": {"message": "selenium.common.exceptions.TimeoutException: Message: \nStacktrace:\nSymbols not available. Dumping unresolved backtrace:\n\t0x7ff6029a7a05\n\t0x7ff6029a7a60\n\t0x7ff6027216ad\n\t0x7ff60277a13e\n\t0x7ff60277a44c\n\t0x7ff6027cebe7\n\t0x7ff6027cb8fb\n\t0x7ff60276b068\n\t0x7ff60276be93\n\t0x7ff602c629a0\n\t0x7ff602c5ce20\n\t0x7ff602c7cc15\n\t0x7ff6029c309e\n\t0x7ff6029cad8f\n\t0x7ff6029b0be4\n\t0x7ff6029b0d9f\n\t0x7ff6029967f8\n\t0x7fffa1fd7374\n\t0x7fffa273cc91\n\n", "trace": "  File \"C:\\Users\\user\\banking-ui-tests\\all_tests\\conftest.py\", line 145, in _setup\n    manager_page.add_customer(first_name, last_name, post_code)\n  File \"C:\\Users\\user\\banking-ui-tests\\pages\\manager_page.py\", line 29, in add_customer\n    self.click_add_customer()\n  File \"C:\\Users\\user\\banking-ui-tests\\pages\\manager_page.py\", line 22, in click_add_customer\n    self.click(self.ADD_CUSTOMER_BTN)\n  File \"C:\\Users\\user\\banking-ui-tests\\pages\\base_page.py\", line 67, in click\n    self.wait.until(EC.element_to_be_clickable(locator)).click()\n  File \"C:\\Users\\user\\banking-ui-tests\\.venv\\lib\\site-packages\\selenium\\webdriver\\support\\wait.py\", line 101, in until\n    raise TimeoutException(message, screen, stacktrace)\n"}, "start": 1762602895864, "stop": 1762602906176}], "attachments": [{"name": "screenshot_on_failure", "source": "05b295ed-a9ff-4b60-b9d3-c4a81063936e-attachment.png", "type": "image/png"}, {"name": "log", "source": "c83a5573-d665-4ea7-86f9-327bf60d6c8f-attachment.txt", "type": "text/plain"}], "start": 1762602895864, "stop": 1762602906176, "uuid": "89aa9071-5d99-48c3-9507-ff792c338c17", "historyId": "07248f3a753ca12d03a3388f477acb7d", "testCaseId": "07248f3a753ca12d03a3388f477acb7d", "fullName": "all_tests.ui.test_delete_customer.TestDeleteCustomer#test_delete_customer_closest_to_average_name_length", "labels": [{"name": "story", "value": "Удаление клиента с длиной имени, близкой к средней"}, {"name": "feature", "value": "Удаление клиента"}, {"name": "tag", "value": "regression"}, {"name": "tag", "value": "ui"}, {"name": "parentSuite", "value": "all_tests.ui"}, {"name": "suite", "value": "test_delete_customer"}, {"name": "subSuite", "value": "TestDeleteCustomer"}, {"name": "host", "value": "DESKTOP-7R0HN21"}, {"name": "thread", "value": "4584-MainThread"}, {"name": "framework", "value": "pytest"}, {"name": "language", "value": "cpython3"}, {"name": "package", "value": "all_tests.ui.test_delete_customer"}], "links": [{"type": "tms", "url": "TC-003", "name": "TC-003"}]}