{"name": "Тест удаления клиента с длиной имени, близкой к средней", "status": "broken", "statusDetails": {"message": "selenium.common.exceptions.NoSuchWindowException: Message: no such window: target window already closed\nfrom unknown error: web view not found\n  (Session info: chrome=142.0.7444.60)\nStacktrace:\nSymbols not available. Dumping unresolved backtrace:\n\t0x7ff6029a7a05\n\t0x7ff6029a7a60\n\t0x7ff6027216ad\n\t0x7ff6026f8e01\n\t0x7ff6027aa0be\n\t0x7ff6027cb222\n\t0x7ff60276b068\n\t0x7ff60276be93\n\t0x7ff602c629a0\n\t0x7ff602c5ce20\n\t0x7ff602c7cc15\n\t0x7ff6029c309e\n\t0x7ff6029cad8f\n\t0x7ff6029b0be4\n\t0x7ff6029b0d9f\n\t0x7ff6029967f8\n\t0x7fffa1fd7374\n\t0x7fffa273cc91", "trace": "all_tests\\ui\\test_delete_customer.py:17: in test_delete_customer_closest_to_average_name_length\n    manager_page, customers_page = setup_delete_test()\nall_tests\\conftest.py:145: in _setup\n    manager_page.add_customer(first_name, last_name, post_code)\npages\\manager_page.py:29: in add_customer\n    self.click_add_customer()\npages\\manager_page.py:22: in click_add_customer\n    self.click(self.ADD_CUSTOMER_BTN)\npages\\base_page.py:67: in click\n    self.wait.until(EC.element_to_be_clickable(locator)).click()\n.venv\\lib\\site-packages\\selenium\\webdriver\\support\\wait.py:92: in until\n    value = method(self._driver)\n.venv\\lib\\site-packages\\selenium\\webdriver\\support\\expected_conditions.py:355: in _predicate\n    target = driver.find_element(*target)  # grab element at locator\n.venv\\lib\\site-packages\\selenium\\webdriver\\remote\\webdriver.py:740: in find_element\n    return self.execute(Command.FIND_ELEMENT, {\"using\": by, \"value\": value})[\"value\"]\n.venv\\lib\\site-packages\\selenium\\webdriver\\remote\\webdriver.py:346: in execute\n    self.error_handler.check_response(response)\n.venv\\lib\\site-packages\\selenium\\webdriver\\remote\\errorhandler.py:229: in check_response\n    raise exception_class(message, screen, stacktrace)\nE   selenium.common.exceptions.NoSuchWindowException: Message: no such window: target window already closed\nE   from unknown error: web view not found\nE     (Session info: chrome=142.0.7444.60)\nE   Stacktrace:\nE   Symbols not available. Dumping unresolved backtrace:\nE   \t0x7ff6029a7a05\nE   \t0x7ff6029a7a60\nE   \t0x7ff6027216ad\nE   \t0x7ff6026f8e01\nE   \t0x7ff6027aa0be\nE   \t0x7ff6027cb222\nE   \t0x7ff60276b068\nE   \t0x7ff60276be93\nE   \t0x7ff602c629a0\nE   \t0x7ff602c5ce20\nE   \t0x7ff602c7cc15\nE   \t0x7ff6029c309e\nE   \t0x7ff6029cad8f\nE   \t0x7ff6029b0be4\nE   \t0x7ff6029b0d9f\nE   \t0x7ff6029967f8\nE   \t0x7fffa1fd7374\nE   \t0x7fffa273cc91"}, "steps": [{"name": "Создание тестовых клиентов с разной длиной имен", "status": "broken", "statusDetails": {"message": "selenium.common.exceptions.NoSuchWindowException: Message: no such window: target window already closed\nfrom unknown error: web view not found\n  (Session info: chrome=142.0.7444.60)\nStacktrace:\nSymbols not available. Dumping unresolved backtrace:\n\t0x7ff6029a7a05\n\t0x7ff6029a7a60\n\t0x7ff6027216ad\n\t0x7ff6026f8e01\n\t0x7ff6027aa0be\n\t0x7ff6027cb222\n\t0x7ff60276b068\n\t0x7ff60276be93\n\t0x7ff602c629a0\n\t0x7ff602c5ce20\n\t0x7ff602c7cc15\n\t0x7ff6029c309e\n\t0x7ff6029cad8f\n\t0x7ff6029b0be4\n\t0x7ff6029b0d9f\n\t0x7ff6029967f8\n\t0x7fffa1fd7374\n\t0x7fffa273cc91\n\n", "trace": "  File \"C:\\Users\\user\\banking-ui-tests\\all_tests\\conftest.py\", line 145, in _setup\n    manager_page.add_customer(first_name, last_name, post_code)\n  File \"C:\\Users\\user\\banking-ui-tests\\pages\\manager_page.py\", line 29, in add_customer\n    self.click_add_customer()\n  File \"C:\\Users\\user\\banking-ui-tests\\pages\\manager_page.py\", line 22, in click_add_customer\n    self.click(self.ADD_CUSTOMER_BTN)\n  File \"C:\\Users\\user\\banking-ui-tests\\pages\\base_page.py\", line 67, in click\n    self.wait.until(EC.element_to_be_clickable(locator)).click()\n  File \"C:\\Users\\user\\banking-ui-tests\\.venv\\lib\\site-packages\\selenium\\webdriver\\support\\wait.py\", line 92, in until\n    value = method(self._driver)\n  File \"C:\\Users\\user\\banking-ui-tests\\.venv\\lib\\site-packages\\selenium\\webdriver\\support\\expected_conditions.py\", line 355, in _predicate\n    target = driver.find_element(*target)  # grab element at locator\n  File \"C:\\Users\\user\\banking-ui-tests\\.venv\\lib\\site-packages\\selenium\\webdriver\\remote\\webdriver.py\", line 740, in find_element\n    return self.execute(Command.FIND_ELEMENT, {\"using\": by, \"value\": value})[\"value\"]\n  File \"C:\\Users\\user\\banking-ui-tests\\.venv\\lib\\site-packages\\selenium\\webdriver\\remote\\webdriver.py\", line 346, in execute\n    self.error_handler.check_response(response)\n  File \"C:\\Users\\user\\banking-ui-tests\\.venv\\lib\\site-packages\\selenium\\webdriver\\remote\\errorhandler.py\", line 229, in check_response\n    raise exception_class(message, screen, stacktrace)\n"}, "start": 1762603080911, "stop": 1762603080912}], "attachments": [{"name": "log", "source": "cefbe51a-72b9-4757-8d63-4d374d0ada68-attachment.txt", "type": "text/plain"}], "start": 1762603080911, "stop": 1762603080913, "uuid": "c039a6bd-9bbb-44a4-94c3-81f65a86e2e9", "historyId": "07248f3a753ca12d03a3388f477acb7d", "testCaseId": "07248f3a753ca12d03a3388f477acb7d", "fullName": "all_tests.ui.test_delete_customer.TestDeleteCustomer#test_delete_customer_closest_to_average_name_length", "labels": [{"name": "story", "value": "Удаление клиента с длиной имени, близкой к средней"}, {"name": "feature", "value": "Удаление клиента"}, {"name": "tag", "value": "regression"}, {"name": "tag", "value": "ui"}, {"name": "parentSuite", "value": "all_tests.ui"}, {"name": "suite", "value": "test_delete_customer"}, {"name": "subSuite", "value": "TestDeleteCustomer"}, {"name": "host", "value": "DESKTOP-7R0HN21"}, {"name": "thread", "value": "17956-MainThread"}, {"name": "framework", "value": "pytest"}, {"name": "language", "value": "cpython3"}, {"name": "package", "value": "all_tests.ui.test_delete_customer"}], "links": [{"type": "tms", "url": "TC-003", "name": "TC-003"}]}