{"name": "Тест создания клиента с валидными данными", "status": "broken", "statusDetails": {"message": "selenium.common.exceptions.WebDriverException: Message: unknown error: net::ERR_CONNECTION_RESET\n  (Session info: chrome=142.0.7444.60)\nStacktrace:\nSymbols not available. Dumping unresolved backtrace:\n\t0x7ff6dfa67a05\n\t0x7ff6dfa67a60\n\t0x7ff6df7e16ad\n\t0x7ff6df7de1f8\n\t0x7ff6df7ceb69\n\t0x7ff6df7d0997\n\t0x7ff6df7cf120\n\t0x7ff6df7ce8d7\n\t0x7ff6df7ce59b\n\t0x7ff6df7cc105\n\t0x7ff6df7cc99c\n\t0x7ff6df7e59ba\n\t0x7ff6df88c72e\n\t0x7ff6df86297a\n\t0x7ff6df88b8fb\n\t0x7ff6df82b068\n\t0x7ff6df82be93\n\t0x7ff6dfd229a0\n\t0x7ff6dfd1ce20\n\t0x7ff6dfd3cc15\n\t0x7ff6dfa8309e\n\t0x7ff6dfa8ad8f\n\t0x7ff6dfa70be4\n\t0x7ff6dfa70d9f\n\t0x7ff6dfa567f8\n\t0x7fffa1fd7374\n\t0x7fffa273cc91", "trace": "C:\\Users\\user\\banking-ui-tests\\tests\\conftest.py:96: in driver\n    ???\n.venv\\lib\\site-packages\\selenium\\webdriver\\remote\\webdriver.py:355: in get\n    self.execute(Command.GET, {\"url\": url})\n.venv\\lib\\site-packages\\selenium\\webdriver\\remote\\webdriver.py:346: in execute\n    self.error_handler.check_response(response)\n.venv\\lib\\site-packages\\selenium\\webdriver\\remote\\errorhandler.py:229: in check_response\n    raise exception_class(message, screen, stacktrace)\nE   selenium.common.exceptions.WebDriverException: Message: unknown error: net::ERR_CONNECTION_RESET\nE     (Session info: chrome=142.0.7444.60)\nE   Stacktrace:\nE   Symbols not available. Dumping unresolved backtrace:\nE   \t0x7ff6dfa67a05\nE   \t0x7ff6dfa67a60\nE   \t0x7ff6df7e16ad\nE   \t0x7ff6df7de1f8\nE   \t0x7ff6df7ceb69\nE   \t0x7ff6df7d0997\nE   \t0x7ff6df7cf120\nE   \t0x7ff6df7ce8d7\nE   \t0x7ff6df7ce59b\nE   \t0x7ff6df7cc105\nE   \t0x7ff6df7cc99c\nE   \t0x7ff6df7e59ba\nE   \t0x7ff6df88c72e\nE   \t0x7ff6df86297a\nE   \t0x7ff6df88b8fb\nE   \t0x7ff6df82b068\nE   \t0x7ff6df82be93\nE   \t0x7ff6dfd229a0\nE   \t0x7ff6dfd1ce20\nE   \t0x7ff6dfd3cc15\nE   \t0x7ff6dfa8309e\nE   \t0x7ff6dfa8ad8f\nE   \t0x7ff6dfa70be4\nE   \t0x7ff6dfa70d9f\nE   \t0x7ff6dfa567f8\nE   \t0x7fffa1fd7374\nE   \t0x7fffa273cc91"}, "attachments": [{"name": "log", "source": "c01fa3f3-9c3b-410c-8545-7dbe415c7bfe-attachment.txt", "type": "text/plain"}], "start": 1762475229925, "stop": 1762475229925, "uuid": "34693c6b-5934-42f1-b642-99b2d11d9e65", "historyId": "9934c8ea630aa726c59de6e6ed11d417", "testCaseId": "9934c8ea630aa726c59de6e6ed11d417", "fullName": "all_tests.ui.test_add_customer.TestAddCustomer#test_add_customer_with_valid_data", "labels": [{"name": "story", "value": "Создание нового клиента в системе"}, {"name": "feature", "value": "Добавление клиента"}, {"name": "tag", "value": "smoke"}, {"name": "tag", "value": "ui"}, {"name": "parentSuite", "value": "all_tests.ui"}, {"name": "suite", "value": "test_add_customer"}, {"name": "subSuite", "value": "TestAddCustomer"}, {"name": "host", "value": "DESKTOP-7R0HN21"}, {"name": "thread", "value": "1496-MainThread"}, {"name": "framework", "value": "pytest"}, {"name": "language", "value": "cpython3"}, {"name": "package", "value": "all_tests.ui.test_add_customer"}], "links": [{"type": "tms", "url": "TC-001", "name": "TC-001"}]}