{"name": "Тест создания клиента с валидными данными", "status": "broken", "statusDetails": {"message": "selenium.common.exceptions.NoSuchWindowException: Message: no such window: target window already closed\nfrom unknown error: web view not found\n  (Session info: chrome=142.0.7444.60)\nStacktrace:\nSymbols not available. Dumping unresolved backtrace:\n\t0x7ff6dfa67a05\n\t0x7ff6dfa67a60\n\t0x7ff6df7e16ad\n\t0x7ff6df7b8e01\n\t0x7ff6df86a0be\n\t0x7ff6df88b222\n\t0x7ff6df82b068\n\t0x7ff6df82be93\n\t0x7ff6dfd229a0\n\t0x7ff6dfd1ce20\n\t0x7ff6dfd3cc15\n\t0x7ff6dfa8309e\n\t0x7ff6dfa8ad8f\n\t0x7ff6dfa70be4\n\t0x7ff6dfa70d9f\n\t0x7ff6dfa567f8\n\t0x7fffa1fd7374\n\t0x7fffa273cc91", "trace": "all_tests\\ui\\test_add_customer.py:23: in test_add_customer_with_valid_data\n    alert_text = manager_page.add_customer(first_name, last_name, post_code)\npages\\manager_page.py:29: in add_customer\n    self.click_add_customer()\npages\\manager_page.py:22: in click_add_customer\n    self.click(self.ADD_CUSTOMER_BTN)\npages\\base_page.py:67: in click\n    self.wait.until(EC.element_to_be_clickable(locator)).click()\n.venv\\lib\\site-packages\\selenium\\webdriver\\support\\wait.py:92: in until\n    value = method(self._driver)\n.venv\\lib\\site-packages\\selenium\\webdriver\\support\\expected_conditions.py:355: in _predicate\n    target = driver.find_element(*target)  # grab element at locator\n.venv\\lib\\site-packages\\selenium\\webdriver\\remote\\webdriver.py:740: in find_element\n    return self.execute(Command.FIND_ELEMENT, {\"using\": by, \"value\": value})[\"value\"]\n.venv\\lib\\site-packages\\selenium\\webdriver\\remote\\webdriver.py:346: in execute\n    self.error_handler.check_response(response)\n.venv\\lib\\site-packages\\selenium\\webdriver\\remote\\errorhandler.py:229: in check_response\n    raise exception_class(message, screen, stacktrace)\nE   selenium.common.exceptions.NoSuchWindowException: Message: no such window: target window already closed\nE   from unknown error: web view not found\nE     (Session info: chrome=142.0.7444.60)\nE   Stacktrace:\nE   Symbols not available. Dumping unresolved backtrace:\nE   \t0x7ff6dfa67a05\nE   \t0x7ff6dfa67a60\nE   \t0x7ff6df7e16ad\nE   \t0x7ff6df7b8e01\nE   \t0x7ff6df86a0be\nE   \t0x7ff6df88b222\nE   \t0x7ff6df82b068\nE   \t0x7ff6df82be93\nE   \t0x7ff6dfd229a0\nE   \t0x7ff6dfd1ce20\nE   \t0x7ff6dfd3cc15\nE   \t0x7ff6dfa8309e\nE   \t0x7ff6dfa8ad8f\nE   \t0x7ff6dfa70be4\nE   \t0x7ff6dfa70d9f\nE   \t0x7ff6dfa567f8\nE   \t0x7fffa1fd7374\nE   \t0x7fffa273cc91"}, "steps": [{"name": "Генерация тестовых данных", "status": "passed", "start": 1762513858374, "stop": 1762513858374}, {"name": "Создание клиента через UI", "status": "broken", "statusDetails": {"message": "selenium.common.exceptions.NoSuchWindowException: Message: no such window: target window already closed\nfrom unknown error: web view not found\n  (Session info: chrome=142.0.7444.60)\nStacktrace:\nSymbols not available. Dumping unresolved backtrace:\n\t0x7ff6dfa67a05\n\t0x7ff6dfa67a60\n\t0x7ff6df7e16ad\n\t0x7ff6df7b8e01\n\t0x7ff6df86a0be\n\t0x7ff6df88b222\n\t0x7ff6df82b068\n\t0x7ff6df82be93\n\t0x7ff6dfd229a0\n\t0x7ff6dfd1ce20\n\t0x7ff6dfd3cc15\n\t0x7ff6dfa8309e\n\t0x7ff6dfa8ad8f\n\t0x7ff6dfa70be4\n\t0x7ff6dfa70d9f\n\t0x7ff6dfa567f8\n\t0x7fffa1fd7374\n\t0x7fffa273cc91\n\n", "trace": "  File \"C:\\Users\\user\\banking-ui-tests\\all_tests\\ui\\test_add_customer.py\", line 23, in test_add_customer_with_valid_data\n    alert_text = manager_page.add_customer(first_name, last_name, post_code)\n  File \"C:\\Users\\user\\banking-ui-tests\\pages\\manager_page.py\", line 29, in add_customer\n    self.click_add_customer()\n  File \"C:\\Users\\user\\banking-ui-tests\\pages\\manager_page.py\", line 22, in click_add_customer\n    self.click(self.ADD_CUSTOMER_BTN)\n  File \"C:\\Users\\user\\banking-ui-tests\\pages\\base_page.py\", line 67, in click\n    self.wait.until(EC.element_to_be_clickable(locator)).click()\n  File \"C:\\Users\\user\\banking-ui-tests\\.venv\\lib\\site-packages\\selenium\\webdriver\\support\\wait.py\", line 92, in until\n    value = method(self._driver)\n  File \"C:\\Users\\user\\banking-ui-tests\\.venv\\lib\\site-packages\\selenium\\webdriver\\support\\expected_conditions.py\", line 355, in _predicate\n    target = driver.find_element(*target)  # grab element at locator\n  File \"C:\\Users\\user\\banking-ui-tests\\.venv\\lib\\site-packages\\selenium\\webdriver\\remote\\webdriver.py\", line 740, in find_element\n    return self.execute(Command.FIND_ELEMENT, {\"using\": by, \"value\": value})[\"value\"]\n  File \"C:\\Users\\user\\banking-ui-tests\\.venv\\lib\\site-packages\\selenium\\webdriver\\remote\\webdriver.py\", line 346, in execute\n    self.error_handler.check_response(response)\n  File \"C:\\Users\\user\\banking-ui-tests\\.venv\\lib\\site-packages\\selenium\\webdriver\\remote\\errorhandler.py\", line 229, in check_response\n    raise exception_class(message, screen, stacktrace)\n"}, "start": 1762513858374, "stop": 1762513858375}], "start": 1762513858373, "stop": 1762513858677, "uuid": "665ee670-d330-4e26-b37b-d9e6d09d5be6", "historyId": "9934c8ea630aa726c59de6e6ed11d417", "testCaseId": "9934c8ea630aa726c59de6e6ed11d417", "fullName": "all_tests.ui.test_add_customer.TestAddCustomer#test_add_customer_with_valid_data", "labels": [{"name": "feature", "value": "Добавление клиента"}, {"name": "story", "value": "Создание нового клиента в системе"}, {"name": "tag", "value": "smoke"}, {"name": "tag", "value": "ui"}, {"name": "parentSuite", "value": "all_tests.ui"}, {"name": "suite", "value": "test_add_customer"}, {"name": "subSuite", "value": "TestAddCustomer"}, {"name": "host", "value": "DESKTOP-7R0HN21"}, {"name": "thread", "value": "13048-MainThread"}, {"name": "framework", "value": "pytest"}, {"name": "language", "value": "cpython3"}, {"name": "package", "value": "all_tests.ui.test_add_customer"}], "links": [{"type": "tms", "url": "TC-001", "name": "TC-001"}]}