{"name": "Тест создания клиента с валидными данными", "status": "broken", "statusDetails": {"message": "selenium.common.exceptions.TimeoutException: Message: \nStacktrace:\nSymbols not available. Dumping unresolved backtrace:\n\t0x7ff67dc77a05\n\t0x7ff67dc77a60\n\t0x7ff67d9f16ad\n\t0x7ff67da4a13e\n\t0x7ff67da4a44c\n\t0x7ff67da9ebe7\n\t0x7ff67da9b8fb\n\t0x7ff67da3b068\n\t0x7ff67da3be93\n\t0x7ff67df329a0\n\t0x7ff67df2ce20\n\t0x7ff67df4cc15\n\t0x7ff67dc9309e\n\t0x7ff67dc9ad8f\n\t0x7ff67dc80be4\n\t0x7ff67dc80d9f\n\t0x7ff67dc667f8\n\t0x7fffa1fd7374\n\t0x7fffa273cc91", "trace": "all_tests\\ui\\test_add_customer.py:23: in test_add_customer_with_valid_data\n    alert_text = manager_page.add_customer(first_name, last_name, post_code)\npages\\manager_page.py:29: in add_customer\n    self.click_add_customer()\npages\\manager_page.py:22: in click_add_customer\n    self.click(self.ADD_CUSTOMER_BTN)\npages\\base_page.py:67: in click\n    self.wait.until(EC.element_to_be_clickable(locator)).click()\n.venv\\lib\\site-packages\\selenium\\webdriver\\support\\wait.py:101: in until\n    raise TimeoutException(message, screen, stacktrace)\nE   selenium.common.exceptions.TimeoutException: Message: \nE   Stacktrace:\nE   Symbols not available. Dumping unresolved backtrace:\nE   \t0x7ff67dc77a05\nE   \t0x7ff67dc77a60\nE   \t0x7ff67d9f16ad\nE   \t0x7ff67da4a13e\nE   \t0x7ff67da4a44c\nE   \t0x7ff67da9ebe7\nE   \t0x7ff67da9b8fb\nE   \t0x7ff67da3b068\nE   \t0x7ff67da3be93\nE   \t0x7ff67df329a0\nE   \t0x7ff67df2ce20\nE   \t0x7ff67df4cc15\nE   \t0x7ff67dc9309e\nE   \t0x7ff67dc9ad8f\nE   \t0x7ff67dc80be4\nE   \t0x7ff67dc80d9f\nE   \t0x7ff67dc667f8\nE   \t0x7fffa1fd7374\nE   \t0x7fffa273cc91"}, "steps": [{"name": "Генерация тестовых данных", "status": "passed", "start": 1762645717423, "stop": 1762645717423}, {"name": "Создание клиента через UI", "status": "broken", "statusDetails": {"message": "selenium.common.exceptions.TimeoutException: Message: \nStacktrace:\nSymbols not available. Dumping unresolved backtrace:\n\t0x7ff67dc77a05\n\t0x7ff67dc77a60\n\t0x7ff67d9f16ad\n\t0x7ff67da4a13e\n\t0x7ff67da4a44c\n\t0x7ff67da9ebe7\n\t0x7ff67da9b8fb\n\t0x7ff67da3b068\n\t0x7ff67da3be93\n\t0x7ff67df329a0\n\t0x7ff67df2ce20\n\t0x7ff67df4cc15\n\t0x7ff67dc9309e\n\t0x7ff67dc9ad8f\n\t0x7ff67dc80be4\n\t0x7ff67dc80d9f\n\t0x7ff67dc667f8\n\t0x7fffa1fd7374\n\t0x7fffa273cc91\n\n", "trace": "  File \"C:\\Users\\user\\banking-ui-tests\\all_tests\\ui\\test_add_customer.py\", line 23, in test_add_customer_with_valid_data\n    alert_text = manager_page.add_customer(first_name, last_name, post_code)\n  File \"C:\\Users\\user\\banking-ui-tests\\pages\\manager_page.py\", line 29, in add_customer\n    self.click_add_customer()\n  File \"C:\\Users\\user\\banking-ui-tests\\pages\\manager_page.py\", line 22, in click_add_customer\n    self.click(self.ADD_CUSTOMER_BTN)\n  File \"C:\\Users\\user\\banking-ui-tests\\pages\\base_page.py\", line 67, in click\n    self.wait.until(EC.element_to_be_clickable(locator)).click()\n  File \"C:\\Users\\user\\banking-ui-tests\\.venv\\lib\\site-packages\\selenium\\webdriver\\support\\wait.py\", line 101, in until\n    raise TimeoutException(message, screen, stacktrace)\n"}, "start": 1762645717423, "stop": 1762645727710}], "attachments": [{"name": "screenshot_on_failure", "source": "23a98615-b007-4d73-aab6-171ae9e646ad-attachment.png", "type": "image/png"}, {"name": "log", "source": "244549e0-befd-4416-84e6-8f3303839fe0-attachment.txt", "type": "text/plain"}], "start": 1762645717423, "stop": 1762645727711, "uuid": "a0b3a60d-2381-4e85-9974-2dab80819a00", "historyId": "9934c8ea630aa726c59de6e6ed11d417", "testCaseId": "9934c8ea630aa726c59de6e6ed11d417", "fullName": "all_tests.ui.test_add_customer.TestAddCustomer#test_add_customer_with_valid_data", "labels": [{"name": "feature", "value": "Добавление клиента"}, {"name": "story", "value": "Создание нового клиента в системе"}, {"name": "tag", "value": "smoke"}, {"name": "tag", "value": "ui"}, {"name": "parentSuite", "value": "all_tests.ui"}, {"name": "suite", "value": "test_add_customer"}, {"name": "subSuite", "value": "TestAddCustomer"}, {"name": "host", "value": "DESKTOP-7R0HN21"}, {"name": "thread", "value": "15560-MainThread"}, {"name": "framework", "value": "pytest"}, {"name": "language", "value": "cpython3"}, {"name": "package", "value": "all_tests.ui.test_add_customer"}], "links": [{"type": "tms", "url": "TC-001", "name": "TC-001"}]}